<?xml version="1.0" encoding="UTF-8"?>
<!-- Generated by org.testng.reporters.JUnitReportReporter -->
<testsuite hostname="DESKTOP-FQ2Q8F9" failures="0" tests="2" name="stringProramPAckage.OccurenceOfStrngTest" time="0.019" errors="0" timestamp="2023-10-21T12:29:39 IST" skipped="0">
  <testcase classname="stringProramPAckage.OccurenceOfStrngTest" name="occurence" time="0.003"/>
  <system-out/>
  <testcase classname="stringProramPAckage.OccurenceOfStrngTest" name="countwords" time="0.016"/>
  <system-out/>
</testsuite> <!-- stringProramPAckage.OccurenceOfStrngTest -->
